<?xml version="1.0" encoding="UTF-8"?>
<!-- Generated by org.testng.reporters.JUnitReportReporter -->
<testsuite hostname="WKS231" failures="0" tests="1" name="com.learnautomation.testcases.LoginTest" time="11.254" errors="0" timestamp="15 May 2021 14:54:16 GMT" skipped="0">
  <testcase classname="com.learnautomation.testcases.LoginTest" name="App" time="11.254"/>
</testsuite> <!-- com.learnautomation.testcases.LoginTest -->
